Server url: https://introsde-assignment2-server.herokuapp.com

Request #1: GET /person Accept: application/xml Content-type: application/xml
=> Result: OK
=> HTTP Status: 200
<?xml version="1.0" encoding="UTF-8"?>

<people>
  <person id="33">
    <firstname>Alice</firstname>
    <lastname>A.</lastname>
    <birthdate>1946-02-14T16:12:15.715Z</birthdate>
    <healthProfile>
      <measureType>
        <measure>Height</measure>
        <value>170.0</value>
      </measureType>
      <measureType>
        <measure>Weight</measure>
        <value>60.0</value>
      </measureType>
    </healthProfile>
  </person>
  <person id="36">
    <firstname>Bob</firstname>
    <lastname>B.</lastname>
    <birthdate>1956-09-01T16:12:15.721Z</birthdate>
    <healthProfile>
      <measureType>
        <measure>Height</measure>
        <value>175.0</value>
      </measureType>
      <measureType>
        <measure>Weight</measure>
        <value>70.0</value>
      </measureType>
    </healthProfile>
  </person>
  <person id="39">
    <firstname>Carol</firstname>
    <lastname>C.</lastname>
    <birthdate>1956-10-19T16:12:15.727Z</birthdate>
    <healthProfile>
      <measureType>
        <measure>Height</measure>
        <value>160.0</value>
      </measureType>
      <measureType>
        <measure>step</measure>
        <value>1200.0</value>
      </measureType>
      <measureType>
        <measure>Weight</measure>
        <value>85.0</value>
      </measureType>
    </healthProfile>
  </person>
</people>

Request #2: GET /person/33 Accept: application/xml Content-type: application/xml
=> Result: OK
=> HTTP Status: 200
<?xml version="1.0" encoding="UTF-8"?>

<person id="33">
  <firstname>Alice</firstname>
  <lastname>A.</lastname>
  <birthdate>1946-02-14T16:12:15.715Z</birthdate>
  <healthProfile>
    <measureType>
      <measure>Height</measure>
      <value>170.0</value>
    </measureType>
    <measureType>
      <measure>Weight</measure>
      <value>60.0</value>
    </measureType>
  </healthProfile>
</person>

Request #3: PUT /person/33 Accept: application/xml Content-type: application/xml
=> Result: OK
=> HTTP Status: 200
<?xml version="1.0" encoding="UTF-8"?>

<person id="33">
  <firstname>Xenia</firstname>
  <lastname>A.</lastname>
  <birthdate>1946-02-14T16:12:15.715Z</birthdate>
  <healthProfile>
    <measureType>
      <measure>Weight</measure>
      <value>60.0</value>
    </measureType>
    <measureType>
      <measure>Height</measure>
      <value>170.0</value>
    </measureType>
  </healthProfile>
</person>

Request #4: POST /person Accept: application/xml Content-type: application/xml
=> Result: OK
=> HTTP Status: 201
<?xml version="1.0" encoding="UTF-8"?>

<person id="43">
  <firstname>Chuck</firstname>
  <lastname>Norris</lastname>
  <birthdate>1945-01-01T00:00:00Z</birthdate>
  <healthProfile>
    <measureType>
      <measure>Height</measure>
      <value>172.0</value>
    </measureType>
    <measureType>
      <measure>Weight</measure>
      <value>78.9</value>
    </measureType>
  </healthProfile>
</person>

Request #5: DELETE /person/43 Accept: application/xml Content-type: application/xml
=> Result:  - 
=> HTTP Status: 200

Request #2: GET /person/43 Accept: application/xml Content-type: application/xml
=> Result: OK
=> HTTP Status: 404

Request #9: GET /measureTypes Accept: application/xml Content-type: application/xml
=> Result: OK
=> HTTP Status: 200
<?xml version="1.0" encoding="UTF-8"?>

<measureTypes>
  <measureType>Height</measureType>
  <measureType>Weight</measureType>
  <measureType>step</measureType>
</measureTypes>

Request #6: GET /person/33/Height Accept: application/xml Content-type: application/xml
=> Result:  - 
=> HTTP Status: 200
<?xml version="1.0" encoding="UTF-8"?>

<measureHistory>
  <measures>
    <mid>34</mid>
    <value>170.0</value>
    <created>1977-05-21T16:12:15.716Z</created>
  </measures>
</measureHistory>

=> Result: OK

Request #7: GET /person/33/Height/34 Accept: application/xml Content-type: application/xml
=> Result: OK
=> HTTP Status: 200
<?xml version="1.0" encoding="UTF-8"?>

<measure>
  <mid>34</mid>
  <value>170.0</value>
  <created>1977-05-21T16:12:15.716Z</created>
</measure>

Request #6: GET /person/33/Height Accept: application/xml Content-type: application/xml
=> Result:  - 
=> HTTP Status: 200
<?xml version="1.0" encoding="UTF-8"?>

<measureHistory>
  <measures>
    <mid>34</mid>
    <value>170.0</value>
    <created>1977-05-21T16:12:15.716Z</created>
  </measures>
</measureHistory>

Request #8: POST /person/33/Height Accept: application/xml Content-type: application/xml
=> Result:  - 
=> HTTP Status: 201
<?xml version="1.0" encoding="UTF-8"?>

<measure>
  <mid>49</mid>
  <value>72.0</value>
  <created>2011-12-09T00:00:00Z</created>
</measure>

Request #6: GET /person/33/Height Accept: application/xml Content-type: application/xml
=> Result: OK
=> HTTP Status: 200
<?xml version="1.0" encoding="UTF-8"?>

<measureHistory>
  <measures>
    <mid>34</mid>
    <value>170.0</value>
    <created>1977-05-21T16:12:15.716Z</created>
  </measures>
  <measures>
    <mid>49</mid>
    <value>72.0</value>
    <created>2011-12-09T00:00:00Z</created>
  </measures>
</measureHistory>

Request #10: PUT /person/33/Height/49 Accept: application/xml Content-type: application/xml
=> Result:  - 
=> HTTP Status: 200
<?xml version="1.0" encoding="UTF-8"?>

<measureType>
  <measure>Height</measure>
  <value>90.0</value>
</measureType>

Request #6: GET /person/33/Height Accept: application/xml Content-type: application/xml
=> Result: OK
=> HTTP Status: 200
<?xml version="1.0" encoding="UTF-8"?>

<measureHistory>
  <measures>
    <mid>34</mid>
    <value>170.0</value>
    <created>1977-05-21T16:12:15.716Z</created>
  </measures>
  <measures>
    <mid>49</mid>
    <value>90.0</value>
    <created>2011-12-09T00:00:00Z</created>
  </measures>
  <measures>
    <mid>50</mid>
    <value>72.0</value>
    <created>2011-12-09T00:00:00Z</created>
  </measures>
</measureHistory>

Request #11: GET /person/33/Height?before=1467151200000&after=1323385200000 Accept: application/xml Content-type: application/xml
=> Result: OK
=> HTTP Status: 200
<?xml version="1.0" encoding="UTF-8"?>

<measureHistory>
  <measures>
    <mid>49</mid>
    <value>90.0</value>
    <created>2011-12-09T00:00:00Z</created>
  </measures>
  <measures>
    <mid>50</mid>
    <value>90.0</value>
    <created>2011-12-09T00:00:00Z</created>
  </measures>
</measureHistory>

Request #11: GET /person/33/Height?min=80.0&max=110.0 Accept: application/xml Content-type: application/xml
=> Result: OK
=> HTTP Status: 200
<?xml version="1.0" encoding="UTF-8"?>

<measureHistory>
  <measures>
    <mid>49</mid>
    <value>90.0</value>
    <created>2011-12-09T00:00:00Z</created>
  </measures>
  <measures>
    <mid>50</mid>
    <value>90.0</value>
    <created>2011-12-09T00:00:00Z</created>
  </measures>
</measureHistory>

